#-----------------------------------------------------------
# Vivado v2021.1 (64-bit)
# SW Build 3247384 on Thu Jun 10 19:36:33 MDT 2021
# IP Build 3246043 on Fri Jun 11 00:30:35 MDT 2021
# Start of session at: Wed Apr 23 10:26:12 2025
# Process ID: 23292
# Current directory: D:/FPGA/Projects/RISCV/Harvard/tinyriscv
# Command line: vivado.exe -gui_launcher_event rodinguilauncherevent24312 D:\FPGA\Projects\RISCV\Harvard\tinyriscv\tinyriscv.xpr
# Log file: D:/FPGA/Projects/RISCV/Harvard/tinyriscv/vivado.log
# Journal file: D:/FPGA/Projects/RISCV/Harvard/tinyriscv\vivado.jou
#-----------------------------------------------------------
start_gui
open_project D:/FPGA/Projects/RISCV/Harvard/tinyriscv/tinyriscv.xpr
INFO: [Project 1-313] Project file moved from 'D:/FPGA_Projects/RISCV/tinyriscv_4/tinyriscv' since last save.
WARNING: [filemgmt 56-2] Default IP Output Path : Could not find the directory 'D:/FPGA/Projects/RISCV/Harvard/tinyriscv/tinyriscv.gen/sources_1', nor could it be found using path 'D:/FPGA_Projects/RISCV/tinyriscv_4/tinyriscv/tinyriscv.gen/sources_1'.
Scanning sources...
Finished scanning sources
INFO: [IP_Flow 19-234] Refreshing IP repositories
INFO: [IP_Flow 19-1704] No user IP repositories specified
INFO: [IP_Flow 19-2313] Loaded Vivado IP repository 'D:/Vivado2021/Install/Vivado/2021.1/data/ip'.
open_project: Time (s): cpu = 00:00:10 ; elapsed = 00:00:05 . Memory (MB): peak = 1237.355 ; gain = 0.000
update_compile_order -fileset sources_1
launch_simulation
Command: launch_simulation 
INFO: [Vivado 12-12493] Simulation top is 'tinyriscv_soc_tb'
INFO: [Vivado 12-5682] Launching behavioral simulation in 'D:/FPGA/Projects/RISCV/Harvard/tinyriscv/tinyriscv.sim/sim_1/behav/xsim'
INFO: [SIM-utils-51] Simulation object is 'sim_1'
INFO: [SIM-utils-72] Using boost library from 'D:/Vivado2021/Install/Vivado/2021.1/tps/boost_1_72_0'
INFO: [SIM-utils-54] Inspecting design source files for 'tinyriscv_soc_tb' in fileset 'sim_1'...
INFO: [USF-XSim-97] Finding global include files...
INFO: [USF-XSim-98] Fetching design files from 'sim_1'...
INFO: [USF-XSim-2] XSim::Compile design
INFO: [USF-XSim-61] Executing 'COMPILE and ANALYZE' step in 'D:/FPGA/Projects/RISCV/Harvard/tinyriscv/tinyriscv.sim/sim_1/behav/xsim'
"xvlog --incr --relax -prj tinyriscv_soc_tb_vlog.prj"
INFO: [VRFC 10-2263] Analyzing Verilog file "D:/FPGA/Projects/RISCV/Harvard/tinyriscv/tinyriscv.ip_user_files/rtl/core/defines.v" into library xil_defaultlib
INFO: [VRFC 10-2263] Analyzing Verilog file "D:/FPGA/Projects/RISCV/Harvard/tinyriscv/tinyriscv.ip_user_files/rtl/perips/S_AXIL.v" into library xil_defaultlib
INFO: [VRFC 10-311] analyzing module S_AXIL
INFO: [VRFC 10-2263] Analyzing Verilog file "D:/FPGA/Projects/RISCV/Harvard/tinyriscv/tinyriscv.ip_user_files/rtl/perips/axil.v" into library xil_defaultlib
INFO: [VRFC 10-311] analyzing module axil
INFO: [VRFC 10-2263] Analyzing Verilog file "D:/FPGA/Projects/RISCV/Harvard/tinyriscv/tinyriscv.ip_user_files/rtl/core/clint.v" into library xil_defaultlib
INFO: [VRFC 10-311] analyzing module clint
INFO: [VRFC 10-2263] Analyzing Verilog file "D:/FPGA/Projects/RISCV/Harvard/tinyriscv/tinyriscv.ip_user_files/rtl/core/csr_reg.v" into library xil_defaultlib
INFO: [VRFC 10-311] analyzing module csr_reg
INFO: [VRFC 10-2263] Analyzing Verilog file "D:/FPGA/Projects/RISCV/Harvard/tinyriscv/tinyriscv.ip_user_files/rtl/core/ctrl.v" into library xil_defaultlib
INFO: [VRFC 10-311] analyzing module ctrl
INFO: [VRFC 10-2263] Analyzing Verilog file "D:/FPGA/Projects/RISCV/Harvard/tinyriscv/tinyriscv.ip_user_files/rtl/core/div.v" into library xil_defaultlib
INFO: [VRFC 10-311] analyzing module div
INFO: [VRFC 10-2263] Analyzing Verilog file "D:/FPGA/Projects/RISCV/Harvard/tinyriscv/tinyriscv.ip_user_files/rtl/core/ex_mem.v" into library xil_defaultlib
INFO: [VRFC 10-311] analyzing module ex_mem
INFO: [VRFC 10-2263] Analyzing Verilog file "D:/FPGA/Projects/RISCV/Harvard/tinyriscv/tinyriscv.ip_user_files/rtl/core/exe.v" into library xil_defaultlib
INFO: [VRFC 10-311] analyzing module ex
INFO: [VRFC 10-2458] undeclared symbol hold_flag_o, assumed default net type wire [D:/FPGA/Projects/RISCV/Harvard/tinyriscv/tinyriscv.ip_user_files/rtl/core/exe.v:155]
INFO: [VRFC 10-2263] Analyzing Verilog file "D:/FPGA/Projects/RISCV/Harvard/tinyriscv/tinyriscv.ip_user_files/rtl/utils/full_handshake_rx.v" into library xil_defaultlib
INFO: [VRFC 10-311] analyzing module full_handshake_rx
WARNING: [VRFC 10-3380] identifier 'req' is used before its declaration [D:/FPGA/Projects/RISCV/Harvard/tinyriscv/tinyriscv.ip_user_files/rtl/utils/full_handshake_rx.v:60]
WARNING: [VRFC 10-3380] identifier 'req' is used before its declaration [D:/FPGA/Projects/RISCV/Harvard/tinyriscv/tinyriscv.ip_user_files/rtl/utils/full_handshake_rx.v:68]
INFO: [VRFC 10-2263] Analyzing Verilog file "D:/FPGA/Projects/RISCV/Harvard/tinyriscv/tinyriscv.ip_user_files/rtl/utils/full_handshake_tx.v" into library xil_defaultlib
INFO: [VRFC 10-311] analyzing module full_handshake_tx
WARNING: [VRFC 10-3380] identifier 'ack' is used before its declaration [D:/FPGA/Projects/RISCV/Harvard/tinyriscv/tinyriscv.ip_user_files/rtl/utils/full_handshake_tx.v:71]
WARNING: [VRFC 10-3380] identifier 'ack' is used before its declaration [D:/FPGA/Projects/RISCV/Harvard/tinyriscv/tinyriscv.ip_user_files/rtl/utils/full_handshake_tx.v:79]
INFO: [VRFC 10-2263] Analyzing Verilog file "D:/FPGA/Projects/RISCV/Harvard/tinyriscv/tinyriscv.ip_user_files/rtl/utils/gen_dff.v" into library xil_defaultlib
INFO: [VRFC 10-311] analyzing module gen_pipe_dff
INFO: [VRFC 10-311] analyzing module gen_rst_0_dff
INFO: [VRFC 10-311] analyzing module gen_rst_1_dff
INFO: [VRFC 10-311] analyzing module gen_rst_def_dff
INFO: [VRFC 10-311] analyzing module gen_en_dff
INFO: [VRFC 10-2263] Analyzing Verilog file "D:/FPGA/Projects/RISCV/Harvard/tinyriscv/tinyriscv.ip_user_files/rtl/core/id.v" into library xil_defaultlib
INFO: [VRFC 10-311] analyzing module id
INFO: [VRFC 10-2263] Analyzing Verilog file "D:/FPGA/Projects/RISCV/Harvard/tinyriscv/tinyriscv.ip_user_files/rtl/core/id_ex.v" into library xil_defaultlib
INFO: [VRFC 10-311] analyzing module id_ex
INFO: [VRFC 10-2263] Analyzing Verilog file "D:/FPGA/Projects/RISCV/Harvard/tinyriscv/tinyriscv.ip_user_files/rtl/core/if_id.v" into library xil_defaultlib
INFO: [VRFC 10-311] analyzing module if_id
INFO: [VRFC 10-2263] Analyzing Verilog file "D:/FPGA/Projects/RISCV/Harvard/tinyriscv/tinyriscv.ip_user_files/rtl/debug/jtag_dm.v" into library xil_defaultlib
INFO: [VRFC 10-311] analyzing module jtag_dm
INFO: [VRFC 10-2458] undeclared symbol tx_idle, assumed default net type wire [D:/FPGA/Projects/RISCV/Harvard/tinyriscv/tinyriscv.ip_user_files/rtl/debug/jtag_dm.v:325]
INFO: [VRFC 10-2263] Analyzing Verilog file "D:/FPGA/Projects/RISCV/Harvard/tinyriscv/tinyriscv.ip_user_files/rtl/debug/jtag_driver.v" into library xil_defaultlib
INFO: [VRFC 10-311] analyzing module jtag_driver
INFO: [VRFC 10-2263] Analyzing Verilog file "D:/FPGA/Projects/RISCV/Harvard/tinyriscv/tinyriscv.ip_user_files/rtl/debug/jtag_top.v" into library xil_defaultlib
INFO: [VRFC 10-311] analyzing module jtag_top
INFO: [VRFC 10-2263] Analyzing Verilog file "D:/FPGA/Projects/RISCV/Harvard/tinyriscv/tinyriscv.ip_user_files/rtl/core/mem.v" into library xil_defaultlib
INFO: [VRFC 10-311] analyzing module mem
INFO: [VRFC 10-2263] Analyzing Verilog file "D:/FPGA/Projects/RISCV/Harvard/tinyriscv/tinyriscv.ip_user_files/rtl/core/mem_wb.v" into library xil_defaultlib
INFO: [VRFC 10-311] analyzing module mem_wb
INFO: [VRFC 10-2458] undeclared symbol mem_req_o, assumed default net type wire [D:/FPGA/Projects/RISCV/Harvard/tinyriscv/tinyriscv.ip_user_files/rtl/core/mem_wb.v:146]
INFO: [VRFC 10-2263] Analyzing Verilog file "D:/FPGA/Projects/RISCV/Harvard/tinyriscv/tinyriscv.ip_user_files/rtl/core/pc_reg.v" into library xil_defaultlib
INFO: [VRFC 10-311] analyzing module pc_reg
INFO: [VRFC 10-2263] Analyzing Verilog file "D:/FPGA/Projects/RISCV/Harvard/tinyriscv/tinyriscv.ip_user_files/rtl/perips/ram.v" into library xil_defaultlib
INFO: [VRFC 10-311] analyzing module ram
INFO: [VRFC 10-2263] Analyzing Verilog file "D:/FPGA/Projects/RISCV/Harvard/tinyriscv/tinyriscv.ip_user_files/rtl/core/regs.v" into library xil_defaultlib
INFO: [VRFC 10-311] analyzing module regs
INFO: [VRFC 10-2263] Analyzing Verilog file "D:/FPGA/Projects/RISCV/Harvard/tinyriscv/tinyriscv.ip_user_files/rtl/core/rib.v" into library xil_defaultlib
INFO: [VRFC 10-311] analyzing module rib
INFO: [VRFC 10-2263] Analyzing Verilog file "D:/FPGA/Projects/RISCV/Harvard/tinyriscv/tinyriscv.ip_user_files/rtl/perips/rom.v" into library xil_defaultlib
INFO: [VRFC 10-311] analyzing module rom
INFO: [VRFC 10-2263] Analyzing Verilog file "D:/FPGA/Projects/RISCV/Harvard/tinyriscv/tinyriscv.ip_user_files/rtl/perips/spi.v" into library xil_defaultlib
INFO: [VRFC 10-311] analyzing module spi
INFO: [VRFC 10-2263] Analyzing Verilog file "D:/FPGA/Projects/RISCV/Harvard/tinyriscv/tinyriscv.ip_user_files/rtl/perips/timer.v" into library xil_defaultlib
INFO: [VRFC 10-311] analyzing module timer
INFO: [VRFC 10-2263] Analyzing Verilog file "D:/FPGA/Projects/RISCV/Harvard/tinyriscv/tinyriscv.ip_user_files/rtl/core/tinyriscv.v" into library xil_defaultlib
INFO: [VRFC 10-311] analyzing module tinyriscv
INFO: [VRFC 10-2458] undeclared symbol ex_jump_flag_o, assumed default net type wire [D:/FPGA/Projects/RISCV/Harvard/tinyriscv/tinyriscv.ip_user_files/rtl/core/tinyriscv.v:171]
INFO: [VRFC 10-2458] undeclared symbol ex_jump_addr_o, assumed default net type wire [D:/FPGA/Projects/RISCV/Harvard/tinyriscv/tinyriscv.ip_user_files/rtl/core/tinyriscv.v:172]
INFO: [VRFC 10-2458] undeclared symbol id_hold_flag_o, assumed default net type wire [D:/FPGA/Projects/RISCV/Harvard/tinyriscv/tinyriscv.ip_user_files/rtl/core/tinyriscv.v:173]
INFO: [VRFC 10-2458] undeclared symbol mem_hold_flag_o, assumed default net type wire [D:/FPGA/Projects/RISCV/Harvard/tinyriscv/tinyriscv.ip_user_files/rtl/core/tinyriscv.v:174]
INFO: [VRFC 10-2458] undeclared symbol wb_reg_we_o, assumed default net type wire [D:/FPGA/Projects/RISCV/Harvard/tinyriscv/tinyriscv.ip_user_files/rtl/core/tinyriscv.v:189]
INFO: [VRFC 10-2458] undeclared symbol wb_reg_waddr_o, assumed default net type wire [D:/FPGA/Projects/RISCV/Harvard/tinyriscv/tinyriscv.ip_user_files/rtl/core/tinyriscv.v:190]
INFO: [VRFC 10-2458] undeclared symbol wb_reg_wdata_o, assumed default net type wire [D:/FPGA/Projects/RISCV/Harvard/tinyriscv/tinyriscv.ip_user_files/rtl/core/tinyriscv.v:191]
INFO: [VRFC 10-2458] undeclared symbol wb_csr_we_o, assumed default net type wire [D:/FPGA/Projects/RISCV/Harvard/tinyriscv/tinyriscv.ip_user_files/rtl/core/tinyriscv.v:206]
INFO: [VRFC 10-2458] undeclared symbol wb_csr_waddr_o, assumed default net type wire [D:/FPGA/Projects/RISCV/Harvard/tinyriscv/tinyriscv.ip_user_files/rtl/core/tinyriscv.v:208]
INFO: [VRFC 10-2458] undeclared symbol wb_csr_wdata_o, assumed default net type wire [D:/FPGA/Projects/RISCV/Harvard/tinyriscv/tinyriscv.ip_user_files/rtl/core/tinyriscv.v:209]
INFO: [VRFC 10-2458] undeclared symbol wb_jump_flag_o, assumed default net type wire [D:/FPGA/Projects/RISCV/Harvard/tinyriscv/tinyriscv.ip_user_files/rtl/core/tinyriscv.v:247]
INFO: [VRFC 10-2458] undeclared symbol is_load_o, assumed default net type wire [D:/FPGA/Projects/RISCV/Harvard/tinyriscv/tinyriscv.ip_user_files/rtl/core/tinyriscv.v:248]
INFO: [VRFC 10-2458] undeclared symbol ex_reg_waddr_o, assumed default net type wire [D:/FPGA/Projects/RISCV/Harvard/tinyriscv/tinyriscv.ip_user_files/rtl/core/tinyriscv.v:250]
INFO: [VRFC 10-2458] undeclared symbol ex_reg_wdata_o, assumed default net type wire [D:/FPGA/Projects/RISCV/Harvard/tinyriscv/tinyriscv.ip_user_files/rtl/core/tinyriscv.v:251]
INFO: [VRFC 10-2458] undeclared symbol mem_reg_we_o, assumed default net type wire [D:/FPGA/Projects/RISCV/Harvard/tinyriscv/tinyriscv.ip_user_files/rtl/core/tinyriscv.v:252]
INFO: [VRFC 10-2458] undeclared symbol mem_reg_waddr_o, assumed default net type wire [D:/FPGA/Projects/RISCV/Harvard/tinyriscv/tinyriscv.ip_user_files/rtl/core/tinyriscv.v:253]
INFO: [VRFC 10-2458] undeclared symbol mem_reg_wdata_o, assumed default net type wire [D:/FPGA/Projects/RISCV/Harvard/tinyriscv/tinyriscv.ip_user_files/rtl/core/tinyriscv.v:254]
WARNING: [VRFC 10-2938] 'ex_jump_flag_o' is already implicitly declared on line 171 [D:/FPGA/Projects/RISCV/Harvard/tinyriscv/tinyriscv.ip_user_files/rtl/core/tinyriscv.v:335]
WARNING: [VRFC 10-2938] 'ex_jump_addr_o' is already implicitly declared on line 172 [D:/FPGA/Projects/RISCV/Harvard/tinyriscv/tinyriscv.ip_user_files/rtl/core/tinyriscv.v:336]
WARNING: [VRFC 10-2938] 'ex_reg_waddr_o' is already implicitly declared on line 250 [D:/FPGA/Projects/RISCV/Harvard/tinyriscv/tinyriscv.ip_user_files/rtl/core/tinyriscv.v:337]
WARNING: [VRFC 10-2938] 'ex_reg_wdata_o' is already implicitly declared on line 251 [D:/FPGA/Projects/RISCV/Harvard/tinyriscv/tinyriscv.ip_user_files/rtl/core/tinyriscv.v:338]
WARNING: [VRFC 10-2938] 'is_load_o' is already implicitly declared on line 248 [D:/FPGA/Projects/RISCV/Harvard/tinyriscv/tinyriscv.ip_user_files/rtl/core/tinyriscv.v:339]
WARNING: [VRFC 10-2938] 'mem_reg_we_o' is already implicitly declared on line 252 [D:/FPGA/Projects/RISCV/Harvard/tinyriscv/tinyriscv.ip_user_files/rtl/core/tinyriscv.v:474]
WARNING: [VRFC 10-2938] 'mem_reg_waddr_o' is already implicitly declared on line 253 [D:/FPGA/Projects/RISCV/Harvard/tinyriscv/tinyriscv.ip_user_files/rtl/core/tinyriscv.v:475]
WARNING: [VRFC 10-2938] 'mem_reg_wdata_o' is already implicitly declared on line 254 [D:/FPGA/Projects/RISCV/Harvard/tinyriscv/tinyriscv.ip_user_files/rtl/core/tinyriscv.v:494]
WARNING: [VRFC 10-2938] 'mem_hold_flag_o' is already implicitly declared on line 174 [D:/FPGA/Projects/RISCV/Harvard/tinyriscv/tinyriscv.ip_user_files/rtl/core/tinyriscv.v:495]
WARNING: [VRFC 10-2938] 'wb_reg_wdata_o' is already implicitly declared on line 191 [D:/FPGA/Projects/RISCV/Harvard/tinyriscv/tinyriscv.ip_user_files/rtl/core/tinyriscv.v:628]
WARNING: [VRFC 10-2938] 'wb_reg_we_o' is already implicitly declared on line 189 [D:/FPGA/Projects/RISCV/Harvard/tinyriscv/tinyriscv.ip_user_files/rtl/core/tinyriscv.v:629]
WARNING: [VRFC 10-2938] 'wb_reg_waddr_o' is already implicitly declared on line 190 [D:/FPGA/Projects/RISCV/Harvard/tinyriscv/tinyriscv.ip_user_files/rtl/core/tinyriscv.v:630]
WARNING: [VRFC 10-2938] 'wb_csr_wdata_o' is already implicitly declared on line 209 [D:/FPGA/Projects/RISCV/Harvard/tinyriscv/tinyriscv.ip_user_files/rtl/core/tinyriscv.v:631]
WARNING: [VRFC 10-2938] 'wb_csr_we_o' is already implicitly declared on line 206 [D:/FPGA/Projects/RISCV/Harvard/tinyriscv/tinyriscv.ip_user_files/rtl/core/tinyriscv.v:632]
WARNING: [VRFC 10-2938] 'wb_csr_waddr_o' is already implicitly declared on line 208 [D:/FPGA/Projects/RISCV/Harvard/tinyriscv/tinyriscv.ip_user_files/rtl/core/tinyriscv.v:633]
WARNING: [VRFC 10-2938] 'wb_jump_flag_o' is already implicitly declared on line 247 [D:/FPGA/Projects/RISCV/Harvard/tinyriscv/tinyriscv.ip_user_files/rtl/core/tinyriscv.v:635]
WARNING: [VRFC 10-3380] identifier 'mem_mem_we_o' is used before its declaration [D:/FPGA/Projects/RISCV/Harvard/tinyriscv/tinyriscv.ip_user_files/rtl/core/tinyriscv.v:142]
WARNING: [VRFC 10-3380] identifier 'mem_mem_wdata_o' is used before its declaration [D:/FPGA/Projects/RISCV/Harvard/tinyriscv/tinyriscv.ip_user_files/rtl/core/tinyriscv.v:143]
WARNING: [VRFC 10-3380] identifier 'mem_mem_req_o' is used before its declaration [D:/FPGA/Projects/RISCV/Harvard/tinyriscv/tinyriscv.ip_user_files/rtl/core/tinyriscv.v:144]
WARNING: [VRFC 10-3380] identifier 'mem_mem_we_o' is used before its declaration [D:/FPGA/Projects/RISCV/Harvard/tinyriscv/tinyriscv.ip_user_files/rtl/core/tinyriscv.v:145]
INFO: [VRFC 10-2263] Analyzing Verilog file "D:/FPGA/Projects/RISCV/Harvard/tinyriscv/tinyriscv.ip_user_files/rtl/soc/tinyriscv_soc_top.v" into library xil_defaultlib
INFO: [VRFC 10-311] analyzing module tinyriscv_soc_top
INFO: [VRFC 10-2458] undeclared symbol m1_req_o, assumed default net type wire [D:/FPGA/Projects/RISCV/Harvard/tinyriscv/tinyriscv.ip_user_files/rtl/soc/tinyriscv_soc_top.v:171]
INFO: [VRFC 10-2458] undeclared symbol axil_hold_flag_o, assumed default net type wire [D:/FPGA/Projects/RISCV/Harvard/tinyriscv/tinyriscv.ip_user_files/rtl/soc/tinyriscv_soc_top.v:184]
INFO: [VRFC 10-2458] undeclared symbol axil_flush_flag_o, assumed default net type wire [D:/FPGA/Projects/RISCV/Harvard/tinyriscv/tinyriscv.ip_user_files/rtl/soc/tinyriscv_soc_top.v:185]
INFO: [VRFC 10-2458] undeclared symbol s4_req_o, assumed default net type wire [D:/FPGA/Projects/RISCV/Harvard/tinyriscv/tinyriscv.ip_user_files/rtl/soc/tinyriscv_soc_top.v:346]
WARNING: [VRFC 10-2938] 'axil_hold_flag_o' is already implicitly declared on line 184 [D:/FPGA/Projects/RISCV/Harvard/tinyriscv/tinyriscv.ip_user_files/rtl/soc/tinyriscv_soc_top.v:420]
WARNING: [VRFC 10-2938] 'axil_flush_flag_o' is already implicitly declared on line 185 [D:/FPGA/Projects/RISCV/Harvard/tinyriscv/tinyriscv.ip_user_files/rtl/soc/tinyriscv_soc_top.v:421]
WARNING: [VRFC 10-3380] identifier 'S_AXI_AWREADY' is used before its declaration [D:/FPGA/Projects/RISCV/Harvard/tinyriscv/tinyriscv.ip_user_files/rtl/soc/tinyriscv_soc_top.v:426]
WARNING: [VRFC 10-3380] identifier 'S_AXI_WREADY' is used before its declaration [D:/FPGA/Projects/RISCV/Harvard/tinyriscv/tinyriscv.ip_user_files/rtl/soc/tinyriscv_soc_top.v:427]
WARNING: [VRFC 10-3380] identifier 'S_AXI_BRESP' is used before its declaration [D:/FPGA/Projects/RISCV/Harvard/tinyriscv/tinyriscv.ip_user_files/rtl/soc/tinyriscv_soc_top.v:428]
WARNING: [VRFC 10-3380] identifier 'S_AXI_BVALID' is used before its declaration [D:/FPGA/Projects/RISCV/Harvard/tinyriscv/tinyriscv.ip_user_files/rtl/soc/tinyriscv_soc_top.v:429]
WARNING: [VRFC 10-3380] identifier 'S_AXI_ARREADY' is used before its declaration [D:/FPGA/Projects/RISCV/Harvard/tinyriscv/tinyriscv.ip_user_files/rtl/soc/tinyriscv_soc_top.v:430]
WARNING: [VRFC 10-3380] identifier 'S_AXI_RDATA' is used before its declaration [D:/FPGA/Projects/RISCV/Harvard/tinyriscv/tinyriscv.ip_user_files/rtl/soc/tinyriscv_soc_top.v:431]
WARNING: [VRFC 10-3380] identifier 'S_AXI_RRESP' is used before its declaration [D:/FPGA/Projects/RISCV/Harvard/tinyriscv/tinyriscv.ip_user_files/rtl/soc/tinyriscv_soc_top.v:432]
WARNING: [VRFC 10-3380] identifier 'S_AXI_RVALID' is used before its declaration [D:/FPGA/Projects/RISCV/Harvard/tinyriscv/tinyriscv.ip_user_files/rtl/soc/tinyriscv_soc_top.v:433]
INFO: [VRFC 10-2263] Analyzing Verilog file "D:/FPGA/Projects/RISCV/Harvard/tinyriscv/tinyriscv.ip_user_files/rtl/perips/uart.v" into library xil_defaultlib
INFO: [VRFC 10-311] analyzing module uart
INFO: [VRFC 10-2263] Analyzing Verilog file "D:/FPGA/Projects/RISCV/Harvard/tinyriscv/tinyriscv.ip_user_files/rtl/debug/uart_debug.v" into library xil_defaultlib
INFO: [VRFC 10-311] analyzing module uart_debug
INFO: [VRFC 10-2263] Analyzing Verilog file "D:/FPGA/Projects/RISCV/Harvard/tinyriscv/tinyriscv.ip_user_files/rtl/core/wb.v" into library xil_defaultlib
INFO: [VRFC 10-311] analyzing module wb
INFO: [VRFC 10-2263] Analyzing Verilog file "D:/FPGA/Projects/RISCV/Harvard/tinyriscv/tinyriscv.sim/tinyriscv_soc_tb.v" into library xil_defaultlib
INFO: [VRFC 10-311] analyzing module tinyriscv_soc_tb
INFO: [VRFC 10-2263] Analyzing Verilog file "D:/FPGA/Projects/RISCV/Harvard/tinyriscv/tinyriscv.sim/sim_1/behav/xsim/glbl.v" into library xil_defaultlib
INFO: [VRFC 10-311] analyzing module glbl
run_program: Time (s): cpu = 00:00:00 ; elapsed = 00:00:07 . Memory (MB): peak = 1237.355 ; gain = 0.000
INFO: [USF-XSim-69] 'compile' step finished in '7' seconds
INFO: [USF-XSim-3] XSim::Elaborate design
INFO: [USF-XSim-61] Executing 'ELABORATE' step in 'D:/FPGA/Projects/RISCV/Harvard/tinyriscv/tinyriscv.sim/sim_1/behav/xsim'
"xelab -wto 165fd52f34154a85b8c19c91a544f8e1 --incr --debug typical --relax --mt 2 -L xil_defaultlib -L unisims_ver -L unimacro_ver -L secureip --snapshot tinyriscv_soc_tb_behav xil_defaultlib.tinyriscv_soc_tb xil_defaultlib.glbl -log elaborate.log"
Vivado Simulator v2021.1
Copyright 1986-1999, 2001-2021 Xilinx, Inc. All Rights Reserved.
Running: D:/Vivado2021/Install/Vivado/2021.1/bin/unwrapped/win64.o/xelab.exe -wto 165fd52f34154a85b8c19c91a544f8e1 --incr --debug typical --relax --mt 2 -L xil_defaultlib -L unisims_ver -L unimacro_ver -L secureip --snapshot tinyriscv_soc_tb_behav xil_defaultlib.tinyriscv_soc_tb xil_defaultlib.glbl -log elaborate.log 
Using 2 slave threads.
Starting static elaboration
Pass Through NonSizing Optimizer
WARNING: [VRFC 10-3091] actual bit length 5 differs from formal bit length 32 for port 'waddr_i' [D:/FPGA/Projects/RISCV/Harvard/tinyriscv/tinyriscv.ip_user_files/rtl/core/tinyriscv.v:208]
WARNING: [VRFC 10-3091] actual bit length 1 differs from formal bit length 5 for port 'def_val' [D:/FPGA/Projects/RISCV/Harvard/tinyriscv/tinyriscv.ip_user_files/rtl/core/id_ex.v:74]
WARNING: [VRFC 10-3091] actual bit length 1 differs from formal bit length 5 for port 'def_val' [D:/FPGA/Projects/RISCV/Harvard/tinyriscv/tinyriscv.ip_user_files/rtl/core/id_ex.v:78]
WARNING: [VRFC 10-3091] actual bit length 32 differs from formal bit length 1 for port 'def_val' [D:/FPGA/Projects/RISCV/Harvard/tinyriscv/tinyriscv.ip_user_files/rtl/core/ex_mem.v:86]
WARNING: [VRFC 10-3091] actual bit length 32 differs from formal bit length 1 for port 'def_val' [D:/FPGA/Projects/RISCV/Harvard/tinyriscv/tinyriscv.ip_user_files/rtl/core/ex_mem.v:90]
WARNING: [VRFC 10-3091] actual bit length 32 differs from formal bit length 1 for port 'def_val' [D:/FPGA/Projects/RISCV/Harvard/tinyriscv/tinyriscv.ip_user_files/rtl/core/ex_mem.v:94]
WARNING: [VRFC 10-3091] actual bit length 1 differs from formal bit length 5 for port 'def_val' [D:/FPGA/Projects/RISCV/Harvard/tinyriscv/tinyriscv.ip_user_files/rtl/core/ex_mem.v:99]
WARNING: [VRFC 10-3091] actual bit length 1 differs from formal bit length 5 for port 'def_val' [D:/FPGA/Projects/RISCV/Harvard/tinyriscv/tinyriscv.ip_user_files/rtl/core/ex_mem.v:103]
WARNING: [VRFC 10-3091] actual bit length 32 differs from formal bit length 1 for port 'def_val' [D:/FPGA/Projects/RISCV/Harvard/tinyriscv/tinyriscv.ip_user_files/rtl/core/ex_mem.v:128]
WARNING: [VRFC 10-3091] actual bit length 32 differs from formal bit length 5 for port 'def_val' [D:/FPGA/Projects/RISCV/Harvard/tinyriscv/tinyriscv.ip_user_files/rtl/core/ex_mem.v:132]
WARNING: [VRFC 10-3091] actual bit length 32 differs from formal bit length 1 for port 'def_val' [D:/FPGA/Projects/RISCV/Harvard/tinyriscv/tinyriscv.ip_user_files/rtl/core/ex_mem.v:140]
WARNING: [VRFC 10-3091] actual bit length 32 differs from formal bit length 5 for port 'def_val' [D:/FPGA/Projects/RISCV/Harvard/tinyriscv/tinyriscv.ip_user_files/rtl/core/ex_mem.v:144]
WARNING: [VRFC 10-3091] actual bit length 32 differs from formal bit length 2 for port 'def_val' [D:/FPGA/Projects/RISCV/Harvard/tinyriscv/tinyriscv.ip_user_files/rtl/core/ex_mem.v:152]
WARNING: [VRFC 10-3091] actual bit length 32 differs from formal bit length 2 for port 'def_val' [D:/FPGA/Projects/RISCV/Harvard/tinyriscv/tinyriscv.ip_user_files/rtl/core/ex_mem.v:156]
WARNING: [VRFC 10-3091] actual bit length 32 differs from formal bit length 1 for port 'def_val' [D:/FPGA/Projects/RISCV/Harvard/tinyriscv/tinyriscv.ip_user_files/rtl/core/mem_wb.v:107]
WARNING: [VRFC 10-3091] actual bit length 32 differs from formal bit length 5 for port 'def_val' [D:/FPGA/Projects/RISCV/Harvard/tinyriscv/tinyriscv.ip_user_files/rtl/core/mem_wb.v:111]
WARNING: [VRFC 10-3091] actual bit length 32 differs from formal bit length 1 for port 'def_val' [D:/FPGA/Projects/RISCV/Harvard/tinyriscv/tinyriscv.ip_user_files/rtl/core/mem_wb.v:127]
WARNING: [VRFC 10-3091] actual bit length 32 differs from formal bit length 1 for port 'def_val' [D:/FPGA/Projects/RISCV/Harvard/tinyriscv/tinyriscv.ip_user_files/rtl/core/mem_wb.v:131]
WARNING: [VRFC 10-3091] actual bit length 32 differs from formal bit length 1 for port 'def_val' [D:/FPGA/Projects/RISCV/Harvard/tinyriscv/tinyriscv.ip_user_files/rtl/core/mem_wb.v:135]
WARNING: [VRFC 10-3091] actual bit length 5 differs from formal bit length 32 for port 'csr_waddr_o' [D:/FPGA/Projects/RISCV/Harvard/tinyriscv/tinyriscv.ip_user_files/rtl/core/tinyriscv.v:664]
WARNING: [VRFC 10-5021] port 'uart_rx_pin' is not connected on this instance [D:/FPGA/Projects/RISCV/Harvard/tinyriscv/tinyriscv.sim/tinyriscv_soc_tb.v:511]
WARNING: [VRFC 10-5021] port 'mem_rdata' is not connected on this instance [D:/FPGA/Projects/RISCV/Harvard/tinyriscv/tinyriscv.ip_user_files/rtl/soc/tinyriscv_soc_top.v:508]
WARNING: [VRFC 10-5021] port 'hold_flag_ex_i' is not connected on this instance [D:/FPGA/Projects/RISCV/Harvard/tinyriscv/tinyriscv.ip_user_files/rtl/core/tinyriscv.v:169]
WARNING: [VRFC 10-5021] port 'inst_addr_i' is not connected on this instance [D:/FPGA/Projects/RISCV/Harvard/tinyriscv/tinyriscv.ip_user_files/rtl/core/tinyriscv.v:420]
WARNING: [VRFC 10-5021] port 'mem_req_i' is not connected on this instance [D:/FPGA/Projects/RISCV/Harvard/tinyriscv/tinyriscv.ip_user_files/rtl/core/tinyriscv.v:575]
Completed static elaboration
Starting simulation data flow analysis
Completed simulation data flow analysis
Time Resolution for simulation is 1ps
Compiling module xil_defaultlib.pc_reg
Compiling module xil_defaultlib.ctrl
Compiling module xil_defaultlib.regs
Compiling module xil_defaultlib.csr_reg
Compiling module xil_defaultlib.gen_pipe_dff
Compiling module xil_defaultlib.gen_pipe_dff(DW=8)
Compiling module xil_defaultlib.if_id
Compiling module xil_defaultlib.id
Compiling module xil_defaultlib.gen_pipe_dff(DW=5)
Compiling module xil_defaultlib.gen_pipe_dff(DW=1)
Compiling module xil_defaultlib.id_ex
Compiling module xil_defaultlib.ex
Compiling module xil_defaultlib.gen_pipe_dff(DW=2)
Compiling module xil_defaultlib.ex_mem
Compiling module xil_defaultlib.mem
Compiling module xil_defaultlib.mem_wb
Compiling module xil_defaultlib.wb
Compiling module xil_defaultlib.div
Compiling module xil_defaultlib.clint
Compiling module xil_defaultlib.tinyriscv
Compiling module xil_defaultlib.rom
Compiling module xil_defaultlib.ram
Compiling module xil_defaultlib.timer
Compiling module xil_defaultlib.uart
Compiling module xil_defaultlib.spi
Compiling module xil_defaultlib.rib
Compiling module xil_defaultlib.uart_debug
Compiling module xil_defaultlib.full_handshake_tx(DW=40)
Compiling module xil_defaultlib.full_handshake_rx(DW=40)
Compiling module xil_defaultlib.jtag_driver_default
Compiling module xil_defaultlib.jtag_dm_default
Compiling module xil_defaultlib.jtag_top_default
Compiling module xil_defaultlib.axil(C_M_AXI_ADDR_WIDTH=28)
Compiling module xil_defaultlib.S_AXIL
Compiling module xil_defaultlib.tinyriscv_soc_top
Compiling module xil_defaultlib.tinyriscv_soc_tb
Compiling module xil_defaultlib.glbl
Built simulation snapshot tinyriscv_soc_tb_behav
run_program: Time (s): cpu = 00:00:01 ; elapsed = 00:00:06 . Memory (MB): peak = 1237.355 ; gain = 0.000
INFO: [USF-XSim-69] 'elaborate' step finished in '5' seconds
INFO: [USF-XSim-4] XSim::Simulate design
INFO: [USF-XSim-61] Executing 'SIMULATE' step in 'D:/FPGA/Projects/RISCV/Harvard/tinyriscv/tinyriscv.sim/sim_1/behav/xsim'
INFO: [USF-XSim-98] *** Running xsim
   with args "tinyriscv_soc_tb_behav -key {Behavioral:sim_1:Functional:tinyriscv_soc_tb} -tclbatch {tinyriscv_soc_tb.tcl} -log {simulate.log}"
INFO: [USF-XSim-8] Loading simulator feature
Time resolution is 1 ps
source tinyriscv_soc_tb.tcl
# set curr_wave [current_wave_config]
# if { [string length $curr_wave] == 0 } {
#   if { [llength [get_objects]] > 0} {
#     add_wave /
#     set_property needs_save false [current_wave_config]
#   } else {
#      send_msg_id Add_Wave-1 WARNING "No top level signals found. Simulator will start without a wave window. If you want to open a wave window go to 'File->New Waveform Configuration' or type 'create_wave_config' in the TCL console."
#   }
# }
# run 1000ns
test running...
INFO: [USF-XSim-96] XSim completed. Design snapshot 'tinyriscv_soc_tb_behav' loaded.
INFO: [USF-XSim-97] XSim simulation ran for 1000ns
launch_simulation: Time (s): cpu = 00:00:06 ; elapsed = 00:00:16 . Memory (MB): peak = 1237.355 ; gain = 0.000
current_wave_config {Untitled 1}
Untitled 1
add_wave {{/tinyriscv_soc_tb/tinyriscv_soc_top_0/u_tinyriscv/clk}} {{/tinyriscv_soc_tb/tinyriscv_soc_top_0/u_tinyriscv/rst}} {{/tinyriscv_soc_tb/tinyriscv_soc_top_0/u_tinyriscv/rib_ex_addr_o}} {{/tinyriscv_soc_tb/tinyriscv_soc_top_0/u_tinyriscv/rib_ex_data_i}} {{/tinyriscv_soc_tb/tinyriscv_soc_top_0/u_tinyriscv/rib_ex_data_o}} {{/tinyriscv_soc_tb/tinyriscv_soc_top_0/u_tinyriscv/rib_ex_req_o}} {{/tinyriscv_soc_tb/tinyriscv_soc_top_0/u_tinyriscv/rib_ex_we_o}} {{/tinyriscv_soc_tb/tinyriscv_soc_top_0/u_tinyriscv/rib_pc_addr_o}} {{/tinyriscv_soc_tb/tinyriscv_soc_top_0/u_tinyriscv/rib_pc_data_i}} {{/tinyriscv_soc_tb/tinyriscv_soc_top_0/u_tinyriscv/rib_pc_req_o}} {{/tinyriscv_soc_tb/tinyriscv_soc_top_0/u_tinyriscv/inst_we_o}} {{/tinyriscv_soc_tb/tinyriscv_soc_top_0/u_tinyriscv/inst_addr_o}} {{/tinyriscv_soc_tb/tinyriscv_soc_top_0/u_tinyriscv/inst_data_o}} {{/tinyriscv_soc_tb/tinyriscv_soc_top_0/u_tinyriscv/inst_data_i}} {{/tinyriscv_soc_tb/tinyriscv_soc_top_0/u_tinyriscv/jtag_reg_addr_i}} {{/tinyriscv_soc_tb/tinyriscv_soc_top_0/u_tinyriscv/jtag_reg_data_i}} {{/tinyriscv_soc_tb/tinyriscv_soc_top_0/u_tinyriscv/jtag_reg_we_i}} {{/tinyriscv_soc_tb/tinyriscv_soc_top_0/u_tinyriscv/jtag_reg_data_o}} {{/tinyriscv_soc_tb/tinyriscv_soc_top_0/u_tinyriscv/rib_hold_flag_i}} {{/tinyriscv_soc_tb/tinyriscv_soc_top_0/u_tinyriscv/axil_hold_flag_i}} {{/tinyriscv_soc_tb/tinyriscv_soc_top_0/u_tinyriscv/axil_flush_flag_i}} {{/tinyriscv_soc_tb/tinyriscv_soc_top_0/u_tinyriscv/jtag_halt_flag_i}} {{/tinyriscv_soc_tb/tinyriscv_soc_top_0/u_tinyriscv/jtag_reset_flag_i}} {{/tinyriscv_soc_tb/tinyriscv_soc_top_0/u_tinyriscv/int_i}} {{/tinyriscv_soc_tb/tinyriscv_soc_top_0/u_tinyriscv/pc_pc_o}} {{/tinyriscv_soc_tb/tinyriscv_soc_top_0/u_tinyriscv/if_inst_o}} {{/tinyriscv_soc_tb/tinyriscv_soc_top_0/u_tinyriscv/if_inst_addr_o}} {{/tinyriscv_soc_tb/tinyriscv_soc_top_0/u_tinyriscv/if_int_flag_o}} {{/tinyriscv_soc_tb/tinyriscv_soc_top_0/u_tinyriscv/id_reg1_raddr_o}} {{/tinyriscv_soc_tb/tinyriscv_soc_top_0/u_tinyriscv/id_reg2_raddr_o}} {{/tinyriscv_soc_tb/tinyriscv_soc_top_0/u_tinyriscv/id_inst_o}} {{/tinyriscv_soc_tb/tinyriscv_soc_top_0/u_tinyriscv/id_inst_addr_o}} {{/tinyriscv_soc_tb/tinyriscv_soc_top_0/u_tinyriscv/id_reg1_rdata_o}} {{/tinyriscv_soc_tb/tinyriscv_soc_top_0/u_tinyriscv/id_reg2_rdata_o}} {{/tinyriscv_soc_tb/tinyriscv_soc_top_0/u_tinyriscv/id_reg_we_o}} {{/tinyriscv_soc_tb/tinyriscv_soc_top_0/u_tinyriscv/id_reg_waddr_o}} {{/tinyriscv_soc_tb/tinyriscv_soc_top_0/u_tinyriscv/id_csr_raddr_o}} {{/tinyriscv_soc_tb/tinyriscv_soc_top_0/u_tinyriscv/id_csr_we_o}} {{/tinyriscv_soc_tb/tinyriscv_soc_top_0/u_tinyriscv/id_csr_rdata_o}} {{/tinyriscv_soc_tb/tinyriscv_soc_top_0/u_tinyriscv/id_csr_waddr_o}} {{/tinyriscv_soc_tb/tinyriscv_soc_top_0/u_tinyriscv/id_op1_o}} {{/tinyriscv_soc_tb/tinyriscv_soc_top_0/u_tinyriscv/id_op2_o}} {{/tinyriscv_soc_tb/tinyriscv_soc_top_0/u_tinyriscv/id_op1_jump_o}} {{/tinyriscv_soc_tb/tinyriscv_soc_top_0/u_tinyriscv/id_op2_jump_o}} {{/tinyriscv_soc_tb/tinyriscv_soc_top_0/u_tinyriscv/ie_inst_o}} {{/tinyriscv_soc_tb/tinyriscv_soc_top_0/u_tinyriscv/ie_inst_addr_o}} {{/tinyriscv_soc_tb/tinyriscv_soc_top_0/u_tinyriscv/ie_reg_we_o}} {{/tinyriscv_soc_tb/tinyriscv_soc_top_0/u_tinyriscv/ie_reg_waddr_o}} {{/tinyriscv_soc_tb/tinyriscv_soc_top_0/u_tinyriscv/ie_reg1_rdata_o}} {{/tinyriscv_soc_tb/tinyriscv_soc_top_0/u_tinyriscv/ie_reg2_rdata_o}} {{/tinyriscv_soc_tb/tinyriscv_soc_top_0/u_tinyriscv/ie_csr_we_o}} {{/tinyriscv_soc_tb/tinyriscv_soc_top_0/u_tinyriscv/ie_csr_waddr_o}} {{/tinyriscv_soc_tb/tinyriscv_soc_top_0/u_tinyriscv/ie_csr_rdata_o}} {{/tinyriscv_soc_tb/tinyriscv_soc_top_0/u_tinyriscv/ie_op1_o}} {{/tinyriscv_soc_tb/tinyriscv_soc_top_0/u_tinyriscv/ie_op2_o}} {{/tinyriscv_soc_tb/tinyriscv_soc_top_0/u_tinyriscv/ie_op1_jump_o}} {{/tinyriscv_soc_tb/tinyriscv_soc_top_0/u_tinyriscv/ie_op2_jump_o}} {{/tinyriscv_soc_tb/tinyriscv_soc_top_0/u_tinyriscv/ex_reg_we_o}} {{/tinyriscv_soc_tb/tinyriscv_soc_top_0/u_tinyriscv/ex_div_start_o}} {{/tinyriscv_soc_tb/tinyriscv_soc_top_0/u_tinyriscv/ex_div_dividend_o}} {{/tinyriscv_soc_tb/tinyriscv_soc_top_0/u_tinyriscv/ex_div_divisor_o}} {{/tinyriscv_soc_tb/tinyriscv_soc_top_0/u_tinyriscv/ex_div_op_o}} {{/tinyriscv_soc_tb/tinyriscv_soc_top_0/u_tinyriscv/ex_div_reg_waddr_o}} {{/tinyriscv_soc_tb/tinyriscv_soc_top_0/u_tinyriscv/ex_csr_we_o}} {{/tinyriscv_soc_tb/tinyriscv_soc_top_0/u_tinyriscv/ex_csr_waddr_o}} {{/tinyriscv_soc_tb/tinyriscv_soc_top_0/u_tinyriscv/regs_rdata1_o}} {{/tinyriscv_soc_tb/tinyriscv_soc_top_0/u_tinyriscv/regs_rdata2_o}} {{/tinyriscv_soc_tb/tinyriscv_soc_top_0/u_tinyriscv/csr_data_o}} {{/tinyriscv_soc_tb/tinyriscv_soc_top_0/u_tinyriscv/csr_clint_data_o}} {{/tinyriscv_soc_tb/tinyriscv_soc_top_0/u_tinyriscv/csr_global_int_en_o}} {{/tinyriscv_soc_tb/tinyriscv_soc_top_0/u_tinyriscv/csr_clint_csr_mtvec}} {{/tinyriscv_soc_tb/tinyriscv_soc_top_0/u_tinyriscv/csr_clint_csr_mepc}} {{/tinyriscv_soc_tb/tinyriscv_soc_top_0/u_tinyriscv/csr_clint_csr_mstatus}} {{/tinyriscv_soc_tb/tinyriscv_soc_top_0/u_tinyriscv/ctrl_hold_flag_o}} {{/tinyriscv_soc_tb/tinyriscv_soc_top_0/u_tinyriscv/ctrl_flush_flag_o}} {{/tinyriscv_soc_tb/tinyriscv_soc_top_0/u_tinyriscv/ctrl_jump_flag_o}} {{/tinyriscv_soc_tb/tinyriscv_soc_top_0/u_tinyriscv/ctrl_jump_addr_o}} {{/tinyriscv_soc_tb/tinyriscv_soc_top_0/u_tinyriscv/div_result_o}} {{/tinyriscv_soc_tb/tinyriscv_soc_top_0/u_tinyriscv/div_ready_o}} {{/tinyriscv_soc_tb/tinyriscv_soc_top_0/u_tinyriscv/div_busy_o}} {{/tinyriscv_soc_tb/tinyriscv_soc_top_0/u_tinyriscv/div_reg_waddr_o}} {{/tinyriscv_soc_tb/tinyriscv_soc_top_0/u_tinyriscv/clint_we_o}} {{/tinyriscv_soc_tb/tinyriscv_soc_top_0/u_tinyriscv/clint_waddr_o}} {{/tinyriscv_soc_tb/tinyriscv_soc_top_0/u_tinyriscv/clint_raddr_o}} {{/tinyriscv_soc_tb/tinyriscv_soc_top_0/u_tinyriscv/clint_data_o}} {{/tinyriscv_soc_tb/tinyriscv_soc_top_0/u_tinyriscv/clint_int_addr_o}} {{/tinyriscv_soc_tb/tinyriscv_soc_top_0/u_tinyriscv/clint_int_assert_o}} {{/tinyriscv_soc_tb/tinyriscv_soc_top_0/u_tinyriscv/clint_hold_flag_o}} {{/tinyriscv_soc_tb/tinyriscv_soc_top_0/u_tinyriscv/ie_reg1_raddr_o}} {{/tinyriscv_soc_tb/tinyriscv_soc_top_0/u_tinyriscv/ie_reg2_raddr_o}} {{/tinyriscv_soc_tb/tinyriscv_soc_top_0/u_tinyriscv/ex_inst_o}} {{/tinyriscv_soc_tb/tinyriscv_soc_top_0/u_tinyriscv/ex_inst_addr_o}} {{/tinyriscv_soc_tb/tinyriscv_soc_top_0/u_tinyriscv/ex_reg1_raddr_o}} {{/tinyriscv_soc_tb/tinyriscv_soc_top_0/u_tinyriscv/ex_reg2_raddr_o}} {{/tinyriscv_soc_tb/tinyriscv_soc_top_0/u_tinyriscv/ex_reg1_rdata_o}} {{/tinyriscv_soc_tb/tinyriscv_soc_top_0/u_tinyriscv/ex_reg2_rdata_o}} {{/tinyriscv_soc_tb/tinyriscv_soc_top_0/u_tinyriscv/ex_csr_rdata_o}} {{/tinyriscv_soc_tb/tinyriscv_soc_top_0/u_tinyriscv/ex_mem_raddr_index_o}} {{/tinyriscv_soc_tb/tinyriscv_soc_top_0/u_tinyriscv/ex_mem_waddr_index_o}} {{/tinyriscv_soc_tb/tinyriscv_soc_top_0/u_tinyriscv/ex_op1_add_op2_res_o}} {{/tinyriscv_soc_tb/tinyriscv_soc_top_0/u_tinyriscv/ex_op1_jump_add_op2_jump_res_o}} {{/tinyriscv_soc_tb/tinyriscv_soc_top_0/u_tinyriscv/ex_op1_ge_op2_signed_o}} {{/tinyriscv_soc_tb/tinyriscv_soc_top_0/u_tinyriscv/ex_op1_ge_op2_unsigned_o}} {{/tinyriscv_soc_tb/tinyriscv_soc_top_0/u_tinyriscv/ex_op1_eq_op2_o}} {{/tinyriscv_soc_tb/tinyriscv_soc_top_0/u_tinyriscv/ex_div_we_o}} {{/tinyriscv_soc_tb/tinyriscv_soc_top_0/u_tinyriscv/ex_div_wdata_o}} {{/tinyriscv_soc_tb/tinyriscv_soc_top_0/u_tinyriscv/ex_div_waddr_o}} {{/tinyriscv_soc_tb/tinyriscv_soc_top_0/u_tinyriscv/ex_div_hold_flag_o}} {{/tinyriscv_soc_tb/tinyriscv_soc_top_0/u_tinyriscv/ex_div_jump_flag_o}} {{/tinyriscv_soc_tb/tinyriscv_soc_top_0/u_tinyriscv/ex_div_jump_addr_o}} {{/tinyriscv_soc_tb/tinyriscv_soc_top_0/u_tinyriscv/ex_jump_flag_o}} {{/tinyriscv_soc_tb/tinyriscv_soc_top_0/u_tinyriscv/ex_jump_addr_o}} {{/tinyriscv_soc_tb/tinyriscv_soc_top_0/u_tinyriscv/ex_reg_waddr_o}} {{/tinyriscv_soc_tb/tinyriscv_soc_top_0/u_tinyriscv/ex_reg_wdata_o}} {{/tinyriscv_soc_tb/tinyriscv_soc_top_0/u_tinyriscv/is_load_o}} {{/tinyriscv_soc_tb/tinyriscv_soc_top_0/u_tinyriscv/em_inst_o}} {{/tinyriscv_soc_tb/tinyriscv_soc_top_0/u_tinyriscv/em_inst_addr_o}} {{/tinyriscv_soc_tb/tinyriscv_soc_top_0/u_tinyriscv/em_reg1_raddr_o}} {{/tinyriscv_soc_tb/tinyriscv_soc_top_0/u_tinyriscv/em_reg2_raddr_o}} {{/tinyriscv_soc_tb/tinyriscv_soc_top_0/u_tinyriscv/em_reg_we_o}} {{/tinyriscv_soc_tb/tinyriscv_soc_top_0/u_tinyriscv/em_reg_waddr_o}} {{/tinyriscv_soc_tb/tinyriscv_soc_top_0/u_tinyriscv/em_reg_wdata_o}} {{/tinyriscv_soc_tb/tinyriscv_soc_top_0/u_tinyriscv/em_reg1_rdata_o}} {{/tinyriscv_soc_tb/tinyriscv_soc_top_0/u_tinyriscv/em_reg2_rdata_o}} {{/tinyriscv_soc_tb/tinyriscv_soc_top_0/u_tinyriscv/em_csr_rdata_o}} {{/tinyriscv_soc_tb/tinyriscv_soc_top_0/u_tinyriscv/em_csr_we_o}} {{/tinyriscv_soc_tb/tinyriscv_soc_top_0/u_tinyriscv/em_csr_waddr_o}} {{/tinyriscv_soc_tb/tinyriscv_soc_top_0/u_tinyriscv/em_div_we_o}} {{/tinyriscv_soc_tb/tinyriscv_soc_top_0/u_tinyriscv/em_div_wdata_o}} {{/tinyriscv_soc_tb/tinyriscv_soc_top_0/u_tinyriscv/em_div_waddr_o}} {{/tinyriscv_soc_tb/tinyriscv_soc_top_0/u_tinyriscv/em_mem_raddr_index_o}} {{/tinyriscv_soc_tb/tinyriscv_soc_top_0/u_tinyriscv/em_mem_waddr_index_o}} {{/tinyriscv_soc_tb/tinyriscv_soc_top_0/u_tinyriscv/em_op1_add_op2_res_o}} {{/tinyriscv_soc_tb/tinyriscv_soc_top_0/u_tinyriscv/em_op1_jump_add_op2_jump_res_o}} {{/tinyriscv_soc_tb/tinyriscv_soc_top_0/u_tinyriscv/em_op1_ge_op2_signed_o}} {{/tinyriscv_soc_tb/tinyriscv_soc_top_0/u_tinyriscv/em_op1_ge_op2_unsigned_o}} {{/tinyriscv_soc_tb/tinyriscv_soc_top_0/u_tinyriscv/em_op1_eq_op2_o}} {{/tinyriscv_soc_tb/tinyriscv_soc_top_0/u_tinyriscv/mem_inst_o}} {{/tinyriscv_soc_tb/tinyriscv_soc_top_0/u_tinyriscv/mem_inst_addr_o}} {{/tinyriscv_soc_tb/tinyriscv_soc_top_0/u_tinyriscv/mem_reg1_raddr_o}} {{/tinyriscv_soc_tb/tinyriscv_soc_top_0/u_tinyriscv/mem_reg2_raddr_o}} {{/tinyriscv_soc_tb/tinyriscv_soc_top_0/u_tinyriscv/mem_reg_we_o}} {{/tinyriscv_soc_tb/tinyriscv_soc_top_0/u_tinyriscv/mem_reg_waddr_o}} {{/tinyriscv_soc_tb/tinyriscv_soc_top_0/u_tinyriscv/mem_reg1_rdata_o}} {{/tinyriscv_soc_tb/tinyriscv_soc_top_0/u_tinyriscv/mem_reg2_rdata_o}} {{/tinyriscv_soc_tb/tinyriscv_soc_top_0/u_tinyriscv/mem_csr_we_o}} {{/tinyriscv_soc_tb/tinyriscv_soc_top_0/u_tinyriscv/mem_csr_waddr_o}} {{/tinyriscv_soc_tb/tinyriscv_soc_top_0/u_tinyriscv/mem_csr_rdata_o}} {{/tinyriscv_soc_tb/tinyriscv_soc_top_0/u_tinyriscv/mem_div_we_o}} {{/tinyriscv_soc_tb/tinyriscv_soc_top_0/u_tinyriscv/mem_div_wdata_o}} {{/tinyriscv_soc_tb/tinyriscv_soc_top_0/u_tinyriscv/mem_div_waddr_o}} {{/tinyriscv_soc_tb/tinyriscv_soc_top_0/u_tinyriscv/mem_op1_add_op2_res_o}} {{/tinyriscv_soc_tb/tinyriscv_soc_top_0/u_tinyriscv/mem_op1_jump_add_op2_jump_res_o}} {{/tinyriscv_soc_tb/tinyriscv_soc_top_0/u_tinyriscv/mem_op1_ge_op2_signed_o}} {{/tinyriscv_soc_tb/tinyriscv_soc_top_0/u_tinyriscv/mem_op1_ge_op2_unsigned_o}} {{/tinyriscv_soc_tb/tinyriscv_soc_top_0/u_tinyriscv/mem_op1_eq_op2_o}} {{/tinyriscv_soc_tb/tinyriscv_soc_top_0/u_tinyriscv/mem_mem_wdata_o}} {{/tinyriscv_soc_tb/tinyriscv_soc_top_0/u_tinyriscv/mem_mem_raddr_o}} {{/tinyriscv_soc_tb/tinyriscv_soc_top_0/u_tinyriscv/mem_mem_waddr_o}} {{/tinyriscv_soc_tb/tinyriscv_soc_top_0/u_tinyriscv/mem_mem_we_o}} {{/tinyriscv_soc_tb/tinyriscv_soc_top_0/u_tinyriscv/mem_mem_req_o}} {{/tinyriscv_soc_tb/tinyriscv_soc_top_0/u_tinyriscv/mem_reg_wdata_o}} {{/tinyriscv_soc_tb/tinyriscv_soc_top_0/u_tinyriscv/mem_hold_flag_o}} {{/tinyriscv_soc_tb/tinyriscv_soc_top_0/u_tinyriscv/mw_inst_o}} {{/tinyriscv_soc_tb/tinyriscv_soc_top_0/u_tinyriscv/mw_inst_addr_o}} {{/tinyriscv_soc_tb/tinyriscv_soc_top_0/u_tinyriscv/mw_reg_we_o}} {{/tinyriscv_soc_tb/tinyriscv_soc_top_0/u_tinyriscv/mw_reg_waddr_o}} {{/tinyriscv_soc_tb/tinyriscv_soc_top_0/u_tinyriscv/mw_reg_wdata_o}} {{/tinyriscv_soc_tb/tinyriscv_soc_top_0/u_tinyriscv/mw_reg1_rdata_o}} {{/tinyriscv_soc_tb/tinyriscv_soc_top_0/u_tinyriscv/mw_reg2_rdata_o}} {{/tinyriscv_soc_tb/tinyriscv_soc_top_0/u_tinyriscv/mw_csr_we_o}} {{/tinyriscv_soc_tb/tinyriscv_soc_top_0/u_tinyriscv/mw_csr_waddr_o}} {{/tinyriscv_soc_tb/tinyriscv_soc_top_0/u_tinyriscv/mw_csr_rdata_o}} {{/tinyriscv_soc_tb/tinyriscv_soc_top_0/u_tinyriscv/mw_div_we_o}} {{/tinyriscv_soc_tb/tinyriscv_soc_top_0/u_tinyriscv/mw_div_wdata_o}} {{/tinyriscv_soc_tb/tinyriscv_soc_top_0/u_tinyriscv/mw_div_waddr_o}} {{/tinyriscv_soc_tb/tinyriscv_soc_top_0/u_tinyriscv/mw_op1_add_op2_res_o}} {{/tinyriscv_soc_tb/tinyriscv_soc_top_0/u_tinyriscv/mw_op1_jump_add_op2_jump_res_o}} {{/tinyriscv_soc_tb/tinyriscv_soc_top_0/u_tinyriscv/mw_op1_ge_op2_signed_o}} {{/tinyriscv_soc_tb/tinyriscv_soc_top_0/u_tinyriscv/mw_op1_ge_op2_unsigned_o}} {{/tinyriscv_soc_tb/tinyriscv_soc_top_0/u_tinyriscv/mw_op1_eq_op2_o}} {{/tinyriscv_soc_tb/tinyriscv_soc_top_0/u_tinyriscv/mw_mem_wdata_o}} {{/tinyriscv_soc_tb/tinyriscv_soc_top_0/u_tinyriscv/mw_mem_rdata_o}} {{/tinyriscv_soc_tb/tinyriscv_soc_top_0/u_tinyriscv/mw_mem_raddr_o}} {{/tinyriscv_soc_tb/tinyriscv_soc_top_0/u_tinyriscv/mw_mem_waddr_o}} {{/tinyriscv_soc_tb/tinyriscv_soc_top_0/u_tinyriscv/mw_mem_we_o}} {{/tinyriscv_soc_tb/tinyriscv_soc_top_0/u_tinyriscv/mw_mem_req_o}} {{/tinyriscv_soc_tb/tinyriscv_soc_top_0/u_tinyriscv/wb_reg_wdata_o}} {{/tinyriscv_soc_tb/tinyriscv_soc_top_0/u_tinyriscv/wb_reg_we_o}} {{/tinyriscv_soc_tb/tinyriscv_soc_top_0/u_tinyriscv/wb_reg_waddr_o}} {{/tinyriscv_soc_tb/tinyriscv_soc_top_0/u_tinyriscv/wb_csr_wdata_o}} {{/tinyriscv_soc_tb/tinyriscv_soc_top_0/u_tinyriscv/wb_csr_we_o}} {{/tinyriscv_soc_tb/tinyriscv_soc_top_0/u_tinyriscv/wb_csr_waddr_o}} {{/tinyriscv_soc_tb/tinyriscv_soc_top_0/u_tinyriscv/wb_hold_flag_o}} {{/tinyriscv_soc_tb/tinyriscv_soc_top_0/u_tinyriscv/wb_jump_flag_o}} {{/tinyriscv_soc_tb/tinyriscv_soc_top_0/u_tinyriscv/wb_jump_addr_o}} {{/tinyriscv_soc_tb/tinyriscv_soc_top_0/u_tinyriscv/id_hold_flag_o}} 
restart
INFO: [Simtcl 6-17] Simulation restarted
run all
test running...
Time Out.
$finish called at time : 500 us : File "D:/FPGA/Projects/RISCV/Harvard/tinyriscv/tinyriscv.sim/tinyriscv_soc_tb.v" Line 497
current_wave_config {Untitled 1}
Untitled 1
add_wave {{/tinyriscv_soc_tb/tinyriscv_soc_top_0/u_tinyriscv/u_mem/inst_i}} 
relaunch_sim
Command: launch_simulation -simset sim_1 -mode behavioral
INFO: [Vivado 12-12493] Simulation top is 'tinyriscv_soc_tb'
boost::filesystem::remove: 另一个程序正在使用此文件，进程无法访问。: "D:/FPGA/Projects/RISCV/Harvard/tinyriscv/tinyriscv.sim/sim_1/behav/xsim/simulate.log"
INFO: [Common 17-17] undo 'relaunch_sim'
INFO: [Common 17-17] undo 'relaunch_sim'
ERROR: [Common 17-69] Command failed: boost::filesystem::remove: 另一个程序正在使用此文件，进程无法访问。: "D:/FPGA/Projects/RISCV/Harvard/tinyriscv/tinyriscv.sim/sim_1/behav/xsim/simulate.log"
close_sim
INFO: [Simtcl 6-16] Simulation closed
exit
INFO: [Common 17-206] Exiting Vivado at Wed Apr 23 14:29:44 2025...
